<html>
<head>
<title>TestNG:  Default test</title>
<link href="../testng.css" rel="stylesheet" type="text/css" />
<link href="../my-testng.css" rel="stylesheet" type="text/css" />

<style type="text/css">
.log { display: none;} 
.stack-trace { display: none;} 
</style>
<script type="text/javascript">
<!--
function flip(e) {
  current = e.style.display;
  if (current == 'block') {
    e.style.display = 'none';
    return 0;
  }
  else {
    e.style.display = 'block';
    return 1;
  }
}

function toggleBox(szDivId, elem, msg1, msg2)
{
  var res = -1;  if (document.getElementById) {
    res = flip(document.getElementById(szDivId));
  }
  else if (document.all) {
    // this is the way old msie versions work
    res = flip(document.all[szDivId]);
  }
  if(elem) {
    if(res == 0) elem.innerHTML = msg1; else elem.innerHTML = msg2;
  }

}

function toggleAllBoxes() {
  if (document.getElementsByTagName) {
    d = document.getElementsByTagName('div');
    for (i = 0; i < d.length; i++) {
      if (d[i].className == 'log') {
        flip(d[i]);
      }
    }
  }
}

// -->
</script>

</head>
<body>
<h2 align='center'>Default test</h2><table border='1' align="center">
<tr>
<td>Tests passed/Failed/Skipped:</td><td>0/5/0</td>
</tr><tr>
<td>Started on:</td><td>Mon May 26 10:05:41 IST 2025</td>
</tr>
<tr><td>Total time:</td><td>2 seconds (2146 ms)</td>
</tr><tr>
<td>Included groups:</td><td></td>
</tr><tr>
<td>Excluded groups:</td><td></td>
</tr>
</table><p/>
<small><i>(Hover the method name to see the test class name)</i></small><p/>
<table width='100%' border='1' class='invocation-failed'>
<tr><td colspan='4' align='center'><b>FAILED TESTS</b></td></tr>
<tr><td><b>Test method</b></td>
<td><b>Attribute(s)</b></td>
<td width="30%"><b>Exception</b></td>
<td width="10%"><b>Time (seconds)</b></td>
<td><b>Instance</b></td>
</tr>
<tr>
<td title='testRunners.TestRunner.runScenario()'><b>runScenario</b><br>Test class: testRunners.TestRunner<br>Test method: Runs Cucumber Scenarios<br>Parameters: "Verify failiure logins with invalid credientials", "To Test the Login Functionalities of Valiantt Info"</td>
<td><div><pre>java.lang.NullPointerException: Cannot invoke &quot;org.openqa.selenium.WebDriver.get(String)&quot; because &quot;stepDefinitions.LoginTests.driver&quot; is null
	at stepDefinitions.LoginTests.user_is_in_the_login_page(LoginTests.java:21)
	at ✽.user is in the login page(file:///C:/Users/V%20R%20Della/Desktop/Automation/Selenium/Practice-Cucumber/src/test/resources/features/LoginFeatures.feature:5)
</pre></div><a href='#' onClick='toggleBox("stack-trace2125470482", this, "Click to show all stack frames", "Click to hide stack frames")'>Click to show all stack frames</a>
<div class='stack-trace' id='stack-trace2125470482'><pre>java.lang.NullPointerException: Cannot invoke &quot;org.openqa.selenium.WebDriver.get(String)&quot; because &quot;stepDefinitions.LoginTests.driver&quot; is null
	at stepDefinitions.LoginTests.user_is_in_the_login_page(LoginTests.java:21)
	at ✽.user is in the login page(file:///C:/Users/V%20R%20Della/Desktop/Automation/Selenium/Practice-Cucumber/src/test/resources/features/LoginFeatures.feature:5)
</pre></div></td>
<td>0</td>
<td>testRunners.TestRunner@682b2fa</td></tr>
<tr>
<td title='testRunners.TestRunner.runScenario()'><b>runScenario</b><br>Test class: testRunners.TestRunner<br>Test method: Runs Cucumber Scenarios<br>Parameters: "Validate the Login Form Design", "To Test the Login Functionalities of Valiantt Info"</td>
<td><div><pre>java.lang.NullPointerException: Cannot invoke &quot;org.openqa.selenium.WebDriver.get(String)&quot; because &quot;stepDefinitions.LoginTests.driver&quot; is null
	at stepDefinitions.LoginTests.user_is_in_the_login_page(LoginTests.java:21)
	at ✽.user is in the login page(file:///C:/Users/V%20R%20Della/Desktop/Automation/Selenium/Practice-Cucumber/src/test/resources/features/LoginFeatures.feature:5)
</pre></div><a href='#' onClick='toggleBox("stack-trace910123336", this, "Click to show all stack frames", "Click to hide stack frames")'>Click to show all stack frames</a>
<div class='stack-trace' id='stack-trace910123336'><pre>java.lang.NullPointerException: Cannot invoke &quot;org.openqa.selenium.WebDriver.get(String)&quot; because &quot;stepDefinitions.LoginTests.driver&quot; is null
	at stepDefinitions.LoginTests.user_is_in_the_login_page(LoginTests.java:21)
	at ✽.user is in the login page(file:///C:/Users/V%20R%20Della/Desktop/Automation/Selenium/Practice-Cucumber/src/test/resources/features/LoginFeatures.feature:5)
</pre></div></td>
<td>0</td>
<td>testRunners.TestRunner@682b2fa</td></tr>
<tr>
<td title='testRunners.TestRunner.runScenario()'><b>runScenario</b><br>Test class: testRunners.TestRunner<br>Test method: Runs Cucumber Scenarios<br>Parameters: "Verify successful login with valid credientials", "To Test the Login Functionalities of Valiantt Info"</td>
<td><div><pre>java.lang.NullPointerException: Cannot invoke &quot;org.openqa.selenium.WebDriver.get(String)&quot; because &quot;stepDefinitions.LoginTests.driver&quot; is null
	at stepDefinitions.LoginTests.user_is_in_the_login_page(LoginTests.java:21)
	at ✽.user is in the login page(file:///C:/Users/V%20R%20Della/Desktop/Automation/Selenium/Practice-Cucumber/src/test/resources/features/LoginFeatures.feature:5)
</pre></div><a href='#' onClick='toggleBox("stack-trace2052489518", this, "Click to show all stack frames", "Click to hide stack frames")'>Click to show all stack frames</a>
<div class='stack-trace' id='stack-trace2052489518'><pre>java.lang.NullPointerException: Cannot invoke &quot;org.openqa.selenium.WebDriver.get(String)&quot; because &quot;stepDefinitions.LoginTests.driver&quot; is null
	at stepDefinitions.LoginTests.user_is_in_the_login_page(LoginTests.java:21)
	at ✽.user is in the login page(file:///C:/Users/V%20R%20Della/Desktop/Automation/Selenium/Practice-Cucumber/src/test/resources/features/LoginFeatures.feature:5)
</pre></div></td>
<td>0</td>
<td>testRunners.TestRunner@682b2fa</td></tr>
<tr>
<td title='testRunners.TestRunner.runScenario()'><b>runScenario</b><br>Test class: testRunners.TestRunner<br>Test method: Runs Cucumber Scenarios<br>Parameters: "Verify failiure logins with invalid credientials", "To Test the Login Functionalities of Valiantt Info"</td>
<td><div><pre>java.lang.NullPointerException: Cannot invoke &quot;org.openqa.selenium.WebDriver.get(String)&quot; because &quot;stepDefinitions.LoginTests.driver&quot; is null
	at stepDefinitions.LoginTests.user_is_in_the_login_page(LoginTests.java:21)
	at ✽.user is in the login page(file:///C:/Users/V%20R%20Della/Desktop/Automation/Selenium/Practice-Cucumber/src/test/resources/features/LoginFeatures.feature:5)
</pre></div><a href='#' onClick='toggleBox("stack-trace15094126", this, "Click to show all stack frames", "Click to hide stack frames")'>Click to show all stack frames</a>
<div class='stack-trace' id='stack-trace15094126'><pre>java.lang.NullPointerException: Cannot invoke &quot;org.openqa.selenium.WebDriver.get(String)&quot; because &quot;stepDefinitions.LoginTests.driver&quot; is null
	at stepDefinitions.LoginTests.user_is_in_the_login_page(LoginTests.java:21)
	at ✽.user is in the login page(file:///C:/Users/V%20R%20Della/Desktop/Automation/Selenium/Practice-Cucumber/src/test/resources/features/LoginFeatures.feature:5)
</pre></div></td>
<td>0</td>
<td>testRunners.TestRunner@682b2fa</td></tr>
<tr>
<td title='testRunners.TestRunner.runScenario()'><b>runScenario</b><br>Test class: testRunners.TestRunner<br>Test method: Runs Cucumber Scenarios<br>Parameters: "Verify failiure logins with invalid credientials", "To Test the Login Functionalities of Valiantt Info"</td>
<td><div><pre>java.lang.NullPointerException: Cannot invoke &quot;org.openqa.selenium.WebDriver.get(String)&quot; because &quot;stepDefinitions.LoginTests.driver&quot; is null
	at stepDefinitions.LoginTests.user_is_in_the_login_page(LoginTests.java:21)
	at ✽.user is in the login page(file:///C:/Users/V%20R%20Della/Desktop/Automation/Selenium/Practice-Cucumber/src/test/resources/features/LoginFeatures.feature:5)
</pre></div><a href='#' onClick='toggleBox("stack-trace1641672672", this, "Click to show all stack frames", "Click to hide stack frames")'>Click to show all stack frames</a>
<div class='stack-trace' id='stack-trace1641672672'><pre>java.lang.NullPointerException: Cannot invoke &quot;org.openqa.selenium.WebDriver.get(String)&quot; because &quot;stepDefinitions.LoginTests.driver&quot; is null
	at stepDefinitions.LoginTests.user_is_in_the_login_page(LoginTests.java:21)
	at ✽.user is in the login page(file:///C:/Users/V%20R%20Della/Desktop/Automation/Selenium/Practice-Cucumber/src/test/resources/features/LoginFeatures.feature:5)
</pre></div></td>
<td>0</td>
<td>testRunners.TestRunner@682b2fa</td></tr>
</table><p>
</body>
</html>