<?xml version="1.0" encoding="UTF-8"?>
<!-- Generated by org.testng.reporters.JUnitXMLReporter -->
<testsuite ignored="0" hostname="LAPTOP-RALNLQ2A" failures="5" tests="5" name="Default test" time="2.146" errors="0" timestamp="2025-05-26T10:05:44 IST">
  <testcase classname="io.cucumber.testng.AbstractTestNGCucumberTests" name="runScenario" time="0.224">
    <failure type="java.lang.NullPointerException" message="Cannot invoke &amp;quot;org.openqa.selenium.WebDriver.get(String)&amp;quot; because &amp;quot;stepDefinitions.LoginTests.driver&amp;quot; is null">
      <![CDATA[java.lang.NullPointerException: Cannot invoke "org.openqa.selenium.WebDriver.get(String)" because "stepDefinitions.LoginTests.driver" is null
at stepDefinitions.LoginTests.user_is_in_the_login_page(LoginTests.java:21)
at ✽.user is in the login page(file:///C:/Users/V%20R%20Della/Desktop/Automation/Selenium/Practice-Cucumber/src/test/resources/features/LoginFeatures.feature:5)
]]>
    </failure>
  </testcase> <!-- runScenario -->
  <testcase classname="io.cucumber.testng.AbstractTestNGCucumberTests" name="runScenario" time="0.095">
    <failure type="java.lang.NullPointerException" message="Cannot invoke &amp;quot;org.openqa.selenium.WebDriver.get(String)&amp;quot; because &amp;quot;stepDefinitions.LoginTests.driver&amp;quot; is null">
      <![CDATA[java.lang.NullPointerException: Cannot invoke "org.openqa.selenium.WebDriver.get(String)" because "stepDefinitions.LoginTests.driver" is null
at stepDefinitions.LoginTests.user_is_in_the_login_page(LoginTests.java:21)
at ✽.user is in the login page(file:///C:/Users/V%20R%20Della/Desktop/Automation/Selenium/Practice-Cucumber/src/test/resources/features/LoginFeatures.feature:5)
]]>
    </failure>
  </testcase> <!-- runScenario -->
  <testcase classname="io.cucumber.testng.AbstractTestNGCucumberTests" name="runScenario" time="0.011">
    <failure type="java.lang.NullPointerException" message="Cannot invoke &amp;quot;org.openqa.selenium.WebDriver.get(String)&amp;quot; because &amp;quot;stepDefinitions.LoginTests.driver&amp;quot; is null">
      <![CDATA[java.lang.NullPointerException: Cannot invoke "org.openqa.selenium.WebDriver.get(String)" because "stepDefinitions.LoginTests.driver" is null
at stepDefinitions.LoginTests.user_is_in_the_login_page(LoginTests.java:21)
at ✽.user is in the login page(file:///C:/Users/V%20R%20Della/Desktop/Automation/Selenium/Practice-Cucumber/src/test/resources/features/LoginFeatures.feature:5)
]]>
    </failure>
  </testcase> <!-- runScenario -->
  <testcase classname="io.cucumber.testng.AbstractTestNGCucumberTests" name="runScenario" time="0.018">
    <failure type="java.lang.NullPointerException" message="Cannot invoke &amp;quot;org.openqa.selenium.WebDriver.get(String)&amp;quot; because &amp;quot;stepDefinitions.LoginTests.driver&amp;quot; is null">
      <![CDATA[java.lang.NullPointerException: Cannot invoke "org.openqa.selenium.WebDriver.get(String)" because "stepDefinitions.LoginTests.driver" is null
at stepDefinitions.LoginTests.user_is_in_the_login_page(LoginTests.java:21)
at ✽.user is in the login page(file:///C:/Users/V%20R%20Della/Desktop/Automation/Selenium/Practice-Cucumber/src/test/resources/features/LoginFeatures.feature:5)
]]>
    </failure>
  </testcase> <!-- runScenario -->
  <testcase classname="io.cucumber.testng.AbstractTestNGCucumberTests" name="runScenario" time="0.012">
    <failure type="java.lang.NullPointerException" message="Cannot invoke &amp;quot;org.openqa.selenium.WebDriver.get(String)&amp;quot; because &amp;quot;stepDefinitions.LoginTests.driver&amp;quot; is null">
      <![CDATA[java.lang.NullPointerException: Cannot invoke "org.openqa.selenium.WebDriver.get(String)" because "stepDefinitions.LoginTests.driver" is null
at stepDefinitions.LoginTests.user_is_in_the_login_page(LoginTests.java:21)
at ✽.user is in the login page(file:///C:/Users/V%20R%20Della/Desktop/Automation/Selenium/Practice-Cucumber/src/test/resources/features/LoginFeatures.feature:5)
]]>
    </failure>
  </testcase> <!-- runScenario -->
</testsuite> <!-- Default test -->
