<?xml version="1.0" encoding="UTF-8"?>
<testng-results ignored="0" total="5" passed="0" failed="5" skipped="0">
  <reporter-output>
  </reporter-output>
  <suite started-at="2025-05-26T10:05:41 IST" name="Default suite" finished-at="2025-05-26T10:05:43 IST" duration-ms="2146">
    <groups>
      <group name="cucumber">
        <method signature="AbstractTestNGCucumberTests.runScenario(io.cucumber.testng.PickleWrapper,io.cucumber.testng.FeatureWrapper)[pri:0, instance:testRunners.TestRunner@682b2fa]" name="runScenario" class="io.cucumber.testng.AbstractTestNGCucumberTests"/>
      </group> <!-- cucumber -->
    </groups>
    <test started-at="2025-05-26T10:05:41 IST" name="Default test" finished-at="2025-05-26T10:05:43 IST" duration-ms="2146">
      <class name="testRunners.TestRunner">
        <test-method is-config="true" signature="setUpClass(org.testng.ITestContext)[pri:0, instance:testRunners.TestRunner@682b2fa]" started-at="2025-05-26T10:05:41 IST" name="setUpClass" finished-at="2025-05-26T10:05:43 IST" duration-ms="1616" status="PASS">
          <params>
            <param index="0">
              <value>
                <![CDATA[org.testng.TestRunner@4a9419d7]]>
              </value>
            </param>
          </params>
          <reporter-output>
          </reporter-output>
        </test-method> <!-- setUpClass -->
        <test-method signature="runScenario(io.cucumber.testng.PickleWrapper,io.cucumber.testng.FeatureWrapper)[pri:0, instance:testRunners.TestRunner@682b2fa]" started-at="2025-05-26T10:05:43 IST" name="runScenario" description="Runs Cucumber Scenarios" data-provider="scenarios" finished-at="2025-05-26T10:05:43 IST" duration-ms="224" status="FAIL">
          <params>
            <param index="0">
              <value>
                <![CDATA["Validate the Login Form Design"]]>
              </value>
            </param>
            <param index="1">
              <value>
                <![CDATA["To Test the Login Functionalities of Valiantt Info"]]>
              </value>
            </param>
          </params>
          <exception class="java.lang.NullPointerException">
            <message>
              <![CDATA[Cannot invoke "org.openqa.selenium.WebDriver.get(String)" because "stepDefinitions.LoginTests.driver" is null]]>
            </message>
            <full-stacktrace>
              <![CDATA[java.lang.NullPointerException: Cannot invoke "org.openqa.selenium.WebDriver.get(String)" because "stepDefinitions.LoginTests.driver" is null
at stepDefinitions.LoginTests.user_is_in_the_login_page(LoginTests.java:21)
at ✽.user is in the login page(file:///C:/Users/V%20R%20Della/Desktop/Automation/Selenium/Practice-Cucumber/src/test/resources/features/LoginFeatures.feature:5)
]]>
            </full-stacktrace>
          </exception> <!-- java.lang.NullPointerException -->
          <reporter-output>
          </reporter-output>
        </test-method> <!-- runScenario -->
        <test-method signature="runScenario(io.cucumber.testng.PickleWrapper,io.cucumber.testng.FeatureWrapper)[pri:0, instance:testRunners.TestRunner@682b2fa]" started-at="2025-05-26T10:05:43 IST" name="runScenario" description="Runs Cucumber Scenarios" data-provider="scenarios" finished-at="2025-05-26T10:05:43 IST" duration-ms="95" status="FAIL">
          <params>
            <param index="0">
              <value>
                <![CDATA["Verify successful login with valid credientials"]]>
              </value>
            </param>
            <param index="1">
              <value>
                <![CDATA["To Test the Login Functionalities of Valiantt Info"]]>
              </value>
            </param>
          </params>
          <exception class="java.lang.NullPointerException">
            <message>
              <![CDATA[Cannot invoke "org.openqa.selenium.WebDriver.get(String)" because "stepDefinitions.LoginTests.driver" is null]]>
            </message>
            <full-stacktrace>
              <![CDATA[java.lang.NullPointerException: Cannot invoke "org.openqa.selenium.WebDriver.get(String)" because "stepDefinitions.LoginTests.driver" is null
at stepDefinitions.LoginTests.user_is_in_the_login_page(LoginTests.java:21)
at ✽.user is in the login page(file:///C:/Users/V%20R%20Della/Desktop/Automation/Selenium/Practice-Cucumber/src/test/resources/features/LoginFeatures.feature:5)
]]>
            </full-stacktrace>
          </exception> <!-- java.lang.NullPointerException -->
          <reporter-output>
          </reporter-output>
        </test-method> <!-- runScenario -->
        <test-method signature="runScenario(io.cucumber.testng.PickleWrapper,io.cucumber.testng.FeatureWrapper)[pri:0, instance:testRunners.TestRunner@682b2fa]" started-at="2025-05-26T10:05:43 IST" name="runScenario" description="Runs Cucumber Scenarios" data-provider="scenarios" finished-at="2025-05-26T10:05:43 IST" duration-ms="11" status="FAIL">
          <params>
            <param index="0">
              <value>
                <![CDATA["Verify failiure logins with invalid credientials"]]>
              </value>
            </param>
            <param index="1">
              <value>
                <![CDATA["To Test the Login Functionalities of Valiantt Info"]]>
              </value>
            </param>
          </params>
          <exception class="java.lang.NullPointerException">
            <message>
              <![CDATA[Cannot invoke "org.openqa.selenium.WebDriver.get(String)" because "stepDefinitions.LoginTests.driver" is null]]>
            </message>
            <full-stacktrace>
              <![CDATA[java.lang.NullPointerException: Cannot invoke "org.openqa.selenium.WebDriver.get(String)" because "stepDefinitions.LoginTests.driver" is null
at stepDefinitions.LoginTests.user_is_in_the_login_page(LoginTests.java:21)
at ✽.user is in the login page(file:///C:/Users/V%20R%20Della/Desktop/Automation/Selenium/Practice-Cucumber/src/test/resources/features/LoginFeatures.feature:5)
]]>
            </full-stacktrace>
          </exception> <!-- java.lang.NullPointerException -->
          <reporter-output>
          </reporter-output>
        </test-method> <!-- runScenario -->
        <test-method signature="runScenario(io.cucumber.testng.PickleWrapper,io.cucumber.testng.FeatureWrapper)[pri:0, instance:testRunners.TestRunner@682b2fa]" started-at="2025-05-26T10:05:43 IST" name="runScenario" description="Runs Cucumber Scenarios" data-provider="scenarios" finished-at="2025-05-26T10:05:43 IST" duration-ms="18" status="FAIL">
          <params>
            <param index="0">
              <value>
                <![CDATA["Verify failiure logins with invalid credientials"]]>
              </value>
            </param>
            <param index="1">
              <value>
                <![CDATA["To Test the Login Functionalities of Valiantt Info"]]>
              </value>
            </param>
          </params>
          <exception class="java.lang.NullPointerException">
            <message>
              <![CDATA[Cannot invoke "org.openqa.selenium.WebDriver.get(String)" because "stepDefinitions.LoginTests.driver" is null]]>
            </message>
            <full-stacktrace>
              <![CDATA[java.lang.NullPointerException: Cannot invoke "org.openqa.selenium.WebDriver.get(String)" because "stepDefinitions.LoginTests.driver" is null
at stepDefinitions.LoginTests.user_is_in_the_login_page(LoginTests.java:21)
at ✽.user is in the login page(file:///C:/Users/V%20R%20Della/Desktop/Automation/Selenium/Practice-Cucumber/src/test/resources/features/LoginFeatures.feature:5)
]]>
            </full-stacktrace>
          </exception> <!-- java.lang.NullPointerException -->
          <reporter-output>
          </reporter-output>
        </test-method> <!-- runScenario -->
        <test-method signature="runScenario(io.cucumber.testng.PickleWrapper,io.cucumber.testng.FeatureWrapper)[pri:0, instance:testRunners.TestRunner@682b2fa]" started-at="2025-05-26T10:05:43 IST" name="runScenario" description="Runs Cucumber Scenarios" data-provider="scenarios" finished-at="2025-05-26T10:05:43 IST" duration-ms="12" status="FAIL">
          <params>
            <param index="0">
              <value>
                <![CDATA["Verify failiure logins with invalid credientials"]]>
              </value>
            </param>
            <param index="1">
              <value>
                <![CDATA["To Test the Login Functionalities of Valiantt Info"]]>
              </value>
            </param>
          </params>
          <exception class="java.lang.NullPointerException">
            <message>
              <![CDATA[Cannot invoke "org.openqa.selenium.WebDriver.get(String)" because "stepDefinitions.LoginTests.driver" is null]]>
            </message>
            <full-stacktrace>
              <![CDATA[java.lang.NullPointerException: Cannot invoke "org.openqa.selenium.WebDriver.get(String)" because "stepDefinitions.LoginTests.driver" is null
at stepDefinitions.LoginTests.user_is_in_the_login_page(LoginTests.java:21)
at ✽.user is in the login page(file:///C:/Users/V%20R%20Della/Desktop/Automation/Selenium/Practice-Cucumber/src/test/resources/features/LoginFeatures.feature:5)
]]>
            </full-stacktrace>
          </exception> <!-- java.lang.NullPointerException -->
          <reporter-output>
          </reporter-output>
        </test-method> <!-- runScenario -->
        <test-method is-config="true" signature="tearDownClass()[pri:0, instance:testRunners.TestRunner@682b2fa]" started-at="2025-05-26T10:05:43 IST" name="tearDownClass" finished-at="2025-05-26T10:05:43 IST" duration-ms="44" status="PASS">
          <reporter-output>
          </reporter-output>
        </test-method> <!-- tearDownClass -->
      </class> <!-- testRunners.TestRunner -->
    </test> <!-- Default test -->
  </suite> <!-- Default suite -->
</testng-results>
