<?xml version="1.0" encoding="UTF-8"?>
<!-- Generated by org.testng.reporters.JUnitReportReporter -->
<testsuite hostname="LAPTOP-RALNLQ2A" failures="0" tests="5" name="testRunners.TestRunner" time="0.360" errors="5" timestamp="2025-05-26T10:05:44 IST" skipped="0">
  <testcase classname="testRunners.TestRunner" name="runScenario" time="0.011">
    <error message="Cannot invoke &quot;org.openqa.selenium.WebDriver.get(String)&quot; because &quot;stepDefinitions.LoginTests.driver&quot; is null" type="java.lang.NullPointerException">
      <![CDATA[java.lang.NullPointerException: Cannot invoke "org.openqa.selenium.WebDriver.get(String)" because "stepDefinitions.LoginTests.driver" is null
at stepDefinitions.LoginTests.user_is_in_the_login_page(LoginTests.java:21)
at ✽.user is in the login page(file:///C:/Users/V%20R%20Della/Desktop/Automation/Selenium/Practice-Cucumber/src/test/resources/features/LoginFeatures.feature:5)
]]>
    </error>
  </testcase> <!-- runScenario -->
  <testcase classname="testRunners.TestRunner" name="runScenario" time="0.224">
    <error message="Cannot invoke &quot;org.openqa.selenium.WebDriver.get(String)&quot; because &quot;stepDefinitions.LoginTests.driver&quot; is null" type="java.lang.NullPointerException">
      <![CDATA[java.lang.NullPointerException: Cannot invoke "org.openqa.selenium.WebDriver.get(String)" because "stepDefinitions.LoginTests.driver" is null
at stepDefinitions.LoginTests.user_is_in_the_login_page(LoginTests.java:21)
at ✽.user is in the login page(file:///C:/Users/V%20R%20Della/Desktop/Automation/Selenium/Practice-Cucumber/src/test/resources/features/LoginFeatures.feature:5)
]]>
    </error>
  </testcase> <!-- runScenario -->
  <testcase classname="testRunners.TestRunner" name="runScenario" time="0.095">
    <error message="Cannot invoke &quot;org.openqa.selenium.WebDriver.get(String)&quot; because &quot;stepDefinitions.LoginTests.driver&quot; is null" type="java.lang.NullPointerException">
      <![CDATA[java.lang.NullPointerException: Cannot invoke "org.openqa.selenium.WebDriver.get(String)" because "stepDefinitions.LoginTests.driver" is null
at stepDefinitions.LoginTests.user_is_in_the_login_page(LoginTests.java:21)
at ✽.user is in the login page(file:///C:/Users/V%20R%20Della/Desktop/Automation/Selenium/Practice-Cucumber/src/test/resources/features/LoginFeatures.feature:5)
]]>
    </error>
  </testcase> <!-- runScenario -->
  <testcase classname="testRunners.TestRunner" name="runScenario" time="0.012">
    <error message="Cannot invoke &quot;org.openqa.selenium.WebDriver.get(String)&quot; because &quot;stepDefinitions.LoginTests.driver&quot; is null" type="java.lang.NullPointerException">
      <![CDATA[java.lang.NullPointerException: Cannot invoke "org.openqa.selenium.WebDriver.get(String)" because "stepDefinitions.LoginTests.driver" is null
at stepDefinitions.LoginTests.user_is_in_the_login_page(LoginTests.java:21)
at ✽.user is in the login page(file:///C:/Users/V%20R%20Della/Desktop/Automation/Selenium/Practice-Cucumber/src/test/resources/features/LoginFeatures.feature:5)
]]>
    </error>
  </testcase> <!-- runScenario -->
  <testcase classname="testRunners.TestRunner" name="runScenario" time="0.018">
    <error message="Cannot invoke &quot;org.openqa.selenium.WebDriver.get(String)&quot; because &quot;stepDefinitions.LoginTests.driver&quot; is null" type="java.lang.NullPointerException">
      <![CDATA[java.lang.NullPointerException: Cannot invoke "org.openqa.selenium.WebDriver.get(String)" because "stepDefinitions.LoginTests.driver" is null
at stepDefinitions.LoginTests.user_is_in_the_login_page(LoginTests.java:21)
at ✽.user is in the login page(file:///C:/Users/V%20R%20Della/Desktop/Automation/Selenium/Practice-Cucumber/src/test/resources/features/LoginFeatures.feature:5)
]]>
    </error>
  </testcase> <!-- runScenario -->
</testsuite> <!-- testRunners.TestRunner -->
